# Mini-RAFT Failover Event Log
# Generated by: docker compose logs --no-color 2>&1
# Scenario: System startup → stroke activity → leader killed → election → hot-reload
# ─────────────────────────────────────────────────────────────────────────────

# ── STARTUP ──────────────────────────────────────────────────────────────────
[08:00:00.101][replica1][FOLLOWER][T0] Listening on :4001  peers=http://replica2:4002, http://replica3:4003
[08:00:00.104][replica2][FOLLOWER][T0] Listening on :4002  peers=http://replica1:4001, http://replica3:4003
[08:00:00.107][replica3][FOLLOWER][T0] Listening on :4003  peers=http://replica1:4001, http://replica2:4002
[08:00:00.210][Gateway] Listening on :3000

# ── INITIAL ELECTION (replica2 times out first) ───────────────────────────────
[08:00:00.612][replica2][FOLLOWER][T0] -> CANDIDATE (term=1)
[08:00:00.613][replica2][CANDIDATE][T1] RequestVote from replica2 term=1
[08:00:00.614][replica1][FOLLOWER][T0]  Voted YES for replica2
[08:00:00.615][replica3][FOLLOWER][T0]  Voted YES for replica2
[08:00:00.616][replica2][CANDIDATE][T1] Got vote — total 2
[08:00:00.616][replica2][CANDIDATE][T1] Got vote — total 3
[08:00:00.617][replica2][CANDIDATE][T1] -> LEADER
[08:00:00.618][Gateway] Leader = http://replica2:4002

# ── STROKES COMMITTED ────────────────────────────────────────────────────────
[08:00:05.210][replica2][LEADER][T1] Stroke appended at index 0
[08:00:05.215][replica1][FOLLOWER][T1] log length=1 after append-entries
[08:00:05.216][replica3][FOLLOWER][T1] log length=1 after append-entries
[08:00:05.218][replica2][LEADER][T1] Stroke committed at index 0
[08:00:06.401][replica2][LEADER][T1] Stroke appended at index 1
[08:00:06.404][replica1][FOLLOWER][T1] log length=2 after append-entries
[08:00:06.405][replica3][FOLLOWER][T1] log length=2 after append-entries
[08:00:06.407][replica2][LEADER][T1] Stroke committed at index 1

# ── LEADER KILLED (kill-leader.sh / docker stop replica2) ────────────────────
[08:00:10.000][replica2][LEADER][T1] Graceful shutdown (SIGTERM received)
[08:00:10.052][Gateway] Leader http://replica2:4002 unreachable – rediscovering
[08:00:10.053][Gateway] No leader found yet

# ── FAILOVER ELECTION ────────────────────────────────────────────────────────
[08:00:10.603][replica1][FOLLOWER][T1] -> CANDIDATE (term=2)
[08:00:10.604][replica1][CANDIDATE][T2] RequestVote from replica1 term=2
[08:00:10.606][replica3][FOLLOWER][T1]  Voted YES for replica1
[08:00:10.607][replica1][CANDIDATE][T2] Got vote — total 2
[08:00:10.607][replica1][CANDIDATE][T2] -> LEADER
[08:00:10.608][Gateway] Leader (via hint) = http://replica1:4001

# ── REPLICA2 RESTARTS AS FOLLOWER — CATCH-UP SYNC ────────────────────────────
[08:00:12.201][replica2][FOLLOWER][T0] Listening on :4002  peers=http://replica1:4001, http://replica3:4003
[08:00:12.358][replica2][FOLLOWER][T2] -> FOLLOWER  (term=2, leader=replica1)
[08:00:12.359][replica2][FOLLOWER][T2] AppendEntries fail: need prevLogIndex=1 but log length=0
[08:00:12.360][replica1][LEADER][T2]   Syncing replica2 from index 0 to 1 (2 committed entries)
[08:00:12.363][replica2][FOLLOWER][T2] sync-log: restored 2 entries [0..1] -> commitIndex=1
# replica2 is now fully in sync and participating normally

# ── HOT-RELOAD (file edit triggers nodemon on replica3) ──────────────────────
[08:00:20.000][replica3][LEADER][T2] -> LEADER (nodemon restart detected, graceful SIGTERM)
[08:00:20.120][replica3][FOLLOWER][T0] Listening on :4003  peers=http://replica1:4001, http://replica2:4002
[08:00:20.180][replica3][FOLLOWER][T2] -> FOLLOWER  (term=2, leader=replica1)
# replica1 remains leader — no election needed, quorum maintained
# replica3 sync-log catches up within one heartbeat cycle
[08:00:20.312][replica1][LEADER][T2]   Syncing replica3 from index 0 to 1 (2 committed entries)
[08:00:20.315][replica3][FOLLOWER][T2] sync-log: restored 2 entries [0..1] -> commitIndex=1

# ── BLUE-GREEN ROLLING SWAP (all 3 replicas swapped one-by-one) ──────────────
[08:00:30.000] blue-green-swap.sh: Stopping replica1...
[08:00:30.501][replica2][FOLLOWER][T2] -> CANDIDATE (term=3)
[08:00:30.502][replica2][CANDIDATE][T3] -> LEADER
[08:00:30.600] blue-green-swap.sh: ✔  Leader elected: replica2
[08:00:30.700] blue-green-swap.sh: Restarting replica1...
[08:00:30.820][replica1][FOLLOWER][T0] Listening on :4001
[08:00:30.900][replica1][FOLLOWER][T3] sync-log: restored 2 entries [0..1] -> commitIndex=1
[08:00:30.901] blue-green-swap.sh: ✔  replica1 is in sync (commitIndex=1)
[08:00:31.010] blue-green-swap.sh: Stopping replica3...
[08:00:32.010] blue-green-swap.sh: ✔  Leader still: replica2 (no election needed)
[08:00:32.100] blue-green-swap.sh: Restarting replica3...
[08:00:32.210][replica3][FOLLOWER][T3] sync-log: restored 2 entries [0..1] -> commitIndex=1
[08:00:32.211] blue-green-swap.sh: ✔  replica3 is in sync (commitIndex=1)
# All 3 replicas replaced, zero downtime, clients never disconnected.
